<?xml version="1.0" encoding="UTF-8"?>
<testsuite name="com.florian.chess.core.SquareRepresentationConverterTest" tests="2" skipped="0" failures="0" errors="0" timestamp="2016-08-29T18:43:29" hostname="MedionE4070D" time="0.015">
  <properties/>
  <testcase name="getBitFromString_VariousTests" classname="com.florian.chess.core.SquareRepresentationConverterTest" time="0.015"/>
  <testcase name="getStringFromBit_VariousTests" classname="com.florian.chess.core.SquareRepresentationConverterTest" time="0.0"/>
  <system-out><![CDATA[]]></system-out>
  <system-err><![CDATA[]]></system-err>
</testsuite>
